<?xml version="1.0" encoding="UTF-8"?>
<coverage generated="1531590546632" clover="3.2.0">
  <project timestamp="1531590546632" name="All files">
    <metrics statements="34" coveredstatements="29" conditionals="0" coveredconditionals="0" methods="14" coveredmethods="9" elements="48" coveredelements="38" complexity="0" loc="34" ncloc="34" packages="1" files="3" classes="3">
      <file name="apiConnectionInterface.js" path="/Users/nixlim/Sync/PROJECTS/ft_tech_test/model/apiConnectionInterface.js">
        <metrics statements="13" coveredstatements="11" conditionals="0" coveredconditionals="0" methods="5" coveredmethods="3"/>
        <line num="1" count="2" type="stmt"/>
        <line num="2" count="2" type="stmt"/>
        <line num="6" count="1" type="stmt"/>
        <line num="7" count="1" type="stmt"/>
        <line num="8" count="1" type="stmt"/>
        <line num="19" count="1" type="stmt"/>
        <line num="20" count="0" type="stmt"/>
        <line num="22" count="1" type="stmt"/>
        <line num="26" count="1" type="stmt"/>
        <line num="27" count="0" type="stmt"/>
        <line num="29" count="1" type="stmt"/>
        <line num="30" count="1" type="stmt"/>
        <line num="34" count="2" type="stmt"/>
      </file>
      <file name="apiQueryManager.js" path="/Users/nixlim/Sync/PROJECTS/ft_tech_test/model/apiQueryManager.js">
        <metrics statements="13" coveredstatements="13" conditionals="0" coveredconditionals="0" methods="3" coveredmethods="3"/>
        <line num="1" count="1" type="stmt"/>
        <line num="2" count="1" type="stmt"/>
        <line num="6" count="1" type="stmt"/>
        <line num="7" count="1" type="stmt"/>
        <line num="8" count="1" type="stmt"/>
        <line num="9" count="1" type="stmt"/>
        <line num="10" count="1" type="stmt"/>
        <line num="11" count="1" type="stmt"/>
        <line num="15" count="1" type="stmt"/>
        <line num="25" count="1" type="stmt"/>
        <line num="29" count="1" type="stmt"/>
        <line num="30" count="1" type="stmt"/>
        <line num="34" count="1" type="stmt"/>
      </file>
      <file name="apiResponseProcessor.js" path="/Users/nixlim/Sync/PROJECTS/ft_tech_test/model/apiResponseProcessor.js">
        <metrics statements="8" coveredstatements="5" conditionals="0" coveredconditionals="0" methods="6" coveredmethods="3"/>
        <line num="3" count="2" type="stmt"/>
        <line num="7" count="4" type="stmt"/>
        <line num="8" count="0" type="stmt"/>
        <line num="11" count="4" type="stmt"/>
        <line num="12" count="0" type="stmt"/>
        <line num="17" count="1" type="stmt"/>
        <line num="21" count="0" type="stmt"/>
        <line num="26" count="2" type="stmt"/>
      </file>
    </metrics>
  </project>
</coverage>
