TN:
SF:/Users/nixlim/Sync/PROJECTS/ft_tech_test/app/model/apiConnectionInterface.js
FN:4,(anonymous_0)
FN:17,(anonymous_1)
FN:18,(anonymous_2)
FN:24,(anonymous_3)
FN:25,(anonymous_4)
FNF:5
FNH:3
FNDA:1,(anonymous_0)
FNDA:1,(anonymous_1)
FNDA:0,(anonymous_2)
FNDA:1,(anonymous_3)
FNDA:0,(anonymous_4)
DA:1,2
DA:5,1
DA:6,1
DA:7,1
DA:18,1
DA:19,0
DA:21,1
DA:25,1
DA:26,0
DA:28,1
DA:29,1
DA:33,2
LF:12
LH:10
BRF:0
BRH:0
end_of_record
TN:
SF:/Users/nixlim/Sync/PROJECTS/ft_tech_test/app/model/apiQueryManager.js
FN:5,(anonymous_0)
FN:14,(anonymous_1)
FN:28,(anonymous_2)
FNF:3
FNH:3
FNDA:1,(anonymous_0)
FNDA:1,(anonymous_1)
FNDA:1,(anonymous_2)
DA:1,1
DA:2,1
DA:6,1
DA:7,1
DA:8,1
DA:9,1
DA:10,1
DA:11,1
DA:15,1
DA:25,1
DA:29,1
DA:30,1
DA:34,1
LF:13
LH:13
BRF:0
BRH:0
end_of_record
TN:
SF:/Users/nixlim/Sync/PROJECTS/ft_tech_test/app/model/apiResponseProcessor.js
FN:2,(anonymous_0)
FN:6,(anonymous_1)
FN:7,(anonymous_2)
FN:11,(anonymous_3)
FN:16,(anonymous_4)
FN:20,(anonymous_5)
FNF:6
FNH:3
FNDA:2,(anonymous_0)
FNDA:4,(anonymous_1)
FNDA:0,(anonymous_2)
FNDA:0,(anonymous_3)
FNDA:1,(anonymous_4)
FNDA:0,(anonymous_5)
DA:3,2
DA:7,4
DA:8,0
DA:11,4
DA:12,0
DA:17,1
DA:21,0
DA:22,0
DA:27,2
LF:9
LH:5
BRF:0
BRH:0
end_of_record
